<?xml version="1.0" encoding="UTF-8"?>
<testsuite xmlns:xsi="http://www.w3.org/2001/XMLSchema-instance" xsi:noNamespaceSchemaLocation="https://maven.apache.org/surefire/maven-surefire-plugin/xsd/surefire-test-report.xsd" name="com.Runner.Runner_Class" time="72.141" tests="9" errors="0" skipped="0" failures="0">
  <properties>
[...]
</properties>
  <testcase name="Given user Launch the browser" classname="| Madhan | Makes |" time="0.001"/>
  <testcase name="When user enter &quot;Madhan&quot; first name" classname="| Madhan | Makes |" time="0"/>
  <testcase name="And User enter &quot;Makes&quot; last name" classname="| Madhan | Makes |" time="0"/>
  <testcase name="And user enter &quot;&lt;Email&gt;&quot; Email" classname="| Madhan | Makes |" time="0"/>
  <testcase name="And user enter &quot;&lt;Password&gt;&quot; Password" classname="| Madhan | Makes |" time="0"/>
  <testcase name="And user ReEnter &quot;&lt;pass&gt;&quot;  password" classname="| Madhan | Makes |" time="0"/>
  <testcase name="And user click the checkbox" classname="| Madhan | Makes |" time="0"/>
  <testcase name="Then user click the signup button" classname="| Madhan | Makes |" time="0"/>
  <testcase name="| Madhan | Makes |" classname="| Madhan | Makes |" time="0.001"/>
</testsuite>